[debug] [2018-08-23T06:30:22.930Z] ----------------------------------------------------------------------
[debug] [2018-08-23T06:30:22.934Z] Command:       /Users/jamesdaniels/.nvm/versions/node/v6.11.5/bin/node /Users/jamesdaniels/.nvm/versions/node/v6.11.5/bin/firebase serve
[debug] [2018-08-23T06:30:22.934Z] CLI Version:   3.19.3
[debug] [2018-08-23T06:30:22.934Z] Platform:      darwin
[debug] [2018-08-23T06:30:22.935Z] Node Version:  v6.11.5
[debug] [2018-08-23T06:30:22.935Z] Time:          Wed Aug 22 2018 23:30:22 GMT-0700 (PDT)
[debug] [2018-08-23T06:30:22.935Z] ----------------------------------------------------------------------
[debug] 
[debug] [2018-08-23T06:30:22.950Z] > command requires scopes: ["email","openid","https://www.googleapis.com/auth/cloudplatformprojects.readonly","https://www.googleapis.com/auth/firebase","https://www.googleapis.com/auth/cloud-platform"]
[debug] [2018-08-23T06:30:22.950Z] > authorizing via signed-in user
[debug] [2018-08-23T06:30:22.953Z] >>> HTTP REQUEST GET https://admin.firebase.com/v1/projects/afdocsite  
  
 Wed Aug 22 2018 23:30:22 GMT-0700 (PDT)
[debug] [2018-08-23T06:30:23.443Z] <<< HTTP RESPONSE 200
[debug] [2018-08-23T06:30:23.444Z] >>> HTTP REQUEST GET https://admin.firebase.com/v1/database/afdocsite/tokens  
  
 Wed Aug 22 2018 23:30:23 GMT-0700 (PDT)
[debug] [2018-08-23T06:30:23.964Z] <<< HTTP RESPONSE 200
[debug] [2018-08-23T06:30:23.967Z] >>> HTTP REQUEST GET https://cloudresourcemanager.googleapis.com/v1/projects/afdocsite  
  
 Wed Aug 22 2018 23:30:23 GMT-0700 (PDT)
[debug] [2018-08-23T06:30:24.379Z] <<< HTTP RESPONSE 200
[info] 
[info] === Serving from '/Users/jamesdaniels/Code/afdocsite'...
[info] 
[info] i  functions: Preparing to emulate functions.
[debug] [2018-08-23T06:30:25.800Z] Fetching environment
[debug] [2018-08-23T06:30:25.806Z] >>> HTTP REQUEST GET https://mobilesdk-pa.googleapis.com/v1/projects/498350953660:getServerAppConfig  
  
 Wed Aug 22 2018 23:30:25 GMT-0700 (PDT)
[debug] [2018-08-23T06:30:25.807Z] >>> HTTP REQUEST GET https://mobilesdk-pa.googleapis.com/v1/projects/498350953660/clients/_:getWebAppConfig  
  
 Wed Aug 22 2018 23:30:25 GMT-0700 (PDT)
[debug] [2018-08-23T06:30:26.218Z] <<< HTTP RESPONSE 200
[debug] [2018-08-23T06:30:26.244Z] <<< HTTP RESPONSE 200
[debug] [2018-08-23T06:30:26.245Z] Starting @google-cloud/functions-emulator
[info] i  hosting: Serving hosting files from: public
[info] ✔  hosting: Local server: http://localhost:5000

[debug] [2018-08-23T06:30:29.376Z] Parsing function triggers
[info] ✔  functions: reference: http://localhost:5001/afdocsite/us-central1/reference
[info] ✔  functions: test: http://localhost:5001/afdocsite/us-central1/test
[info] [hosting] Rewriting / to local function reference
[info] [hosting] Rewriting /kitchen-sink to local function reference
[info] [hosting] Rewriting / to local function reference
[info] [hosting] Rewriting /versions.component.css.map to local function reference
[info] [hosting] Rewriting /app.component.css.map to local function reference
[info] [hosting] Rewriting /groups.component.css.map to local function reference
[info] [hosting] Rewriting / to local function reference
[info] [hosting] Rewriting /app.component.css.map to local function reference
[info] [hosting] Rewriting /versions.component.css.map to local function reference
[info] [hosting] Rewriting /groups.component.css.map to local function reference
[info] [hosting] Rewriting / to local function reference
[info] [hosting] Rewriting /app.component.css.map to local function reference
[info] [hosting] Rewriting /versions.component.css.map to local function reference
[info] [hosting] Rewriting /groups.component.css.map to local function reference
[info] [hosting] Rewriting /kitchen-sink to local function reference
[info] [hosting] Rewriting /kitchen-sink to local function reference
[info] [hosting] Rewriting /firebase-messaging-sw.js to local function reference
[info] [hosting] Rewriting /kitchen-sink to local function reference
[info] [hosting] Rewriting /firebase-messaging-sw.js to local function reference
[info] [hosting] Rewriting /kitchen-sink to local function reference
[info] [hosting] Rewriting /firebase-messaging-sw.js to local function reference
